JvmtiExport can_access_local_variables 0
JvmtiExport can_hotswap_or_post_breakpoint 0
JvmtiExport can_post_on_exceptions 0
# 139 ciObject found
ciMethod java/lang/Object <init> ()V 4097 1 8965 0 -1
ciMethod java/lang/String equals (Ljava/lang/Object;)Z 4097 19273 1760 0 -1
ciMethod org/springframework/asm/ClassVisitor visit (IILjava/lang/String;Ljava/lang/String;Ljava/lang/String;[Ljava/lang/String;)V 185 1 23 0 -1
ciMethod org/springframework/asm/ClassVisitor visitSource (Ljava/lang/String;Ljava/lang/String;)V 233 1 29 0 -1
ciMethod org/springframework/asm/ClassVisitor visitNestHost (Ljava/lang/String;)V 0 0 1 0 -1
ciMethod org/springframework/asm/ClassVisitor visitOuterClass (Ljava/lang/String;Ljava/lang/String;Ljava/lang/String;)V 0 0 1 0 -1
ciMethod org/springframework/asm/ClassVisitor visitAnnotation (Ljava/lang/String;Z)Lorg/springframework/asm/AnnotationVisitor; 25 1 3 0 -1
ciMethod org/springframework/asm/ClassVisitor visitTypeAnnotation (ILorg/springframework/asm/TypePath;Ljava/lang/String;Z)Lorg/springframework/asm/AnnotationVisitor; 0 0 1 0 -1
ciMethod org/springframework/asm/ClassVisitor visitAttribute (Lorg/springframework/asm/Attribute;)V 0 0 1 0 -1
ciMethod org/springframework/asm/ClassVisitor visitNestMember (Ljava/lang/String;)V 0 0 1 0 -1
ciMethod org/springframework/asm/ClassVisitor visitPermittedSubtypeExperimental (Ljava/lang/String;)V 0 0 1 0 -1
ciMethod org/springframework/asm/ClassVisitor visitInnerClass (Ljava/lang/String;Ljava/lang/String;Ljava/lang/String;I)V 73 1 9 0 -1
ciMethod org/springframework/asm/ClassVisitor visitEnd ()V 185 1 23 0 -1
ciMethod org/springframework/asm/ClassReader accept (Lorg/springframework/asm/ClassVisitor;[Lorg/springframework/asm/Attribute;I)V 2529 27521 287 14 -1
ciMethod org/springframework/asm/ClassReader readModuleAttributes (Lorg/springframework/asm/ClassVisitor;Lorg/springframework/asm/Context;IILjava/lang/String;)V 0 0 1 0 -1
ciMethod org/springframework/asm/ClassReader readRecordComponent (Lorg/springframework/asm/ClassVisitor;Lorg/springframework/asm/Context;I)I 0 0 1 0 -1
ciMethod org/springframework/asm/ClassReader readField (Lorg/springframework/asm/ClassVisitor;Lorg/springframework/asm/Context;I)I 2473 1289 249 0 -1
ciMethod org/springframework/asm/ClassReader readMethod (Lorg/springframework/asm/ClassVisitor;Lorg/springframework/asm/Context;I)I 2193 4369 274 0 -1
ciMethod org/springframework/asm/ClassReader readTypeAnnotationTarget (Lorg/springframework/asm/Context;I)I 105 1 9 0 -1
ciMethod org/springframework/asm/ClassReader readElementValues (Lorg/springframework/asm/AnnotationVisitor;IZ[C)I 2065 1217 257 0 -1
ciMethod org/springframework/asm/ClassReader getFirstAttributeOffset ()I 937 16425 117 0 -1
ciMethod org/springframework/asm/ClassReader readAttribute ([Lorg/springframework/asm/Attribute;Ljava/lang/String;II[CI[Lorg/springframework/asm/Label;)Lorg/springframework/asm/Attribute; 0 0 1 0 -1
ciMethod org/springframework/asm/ClassReader readUnsignedShort (I)I 2105 1 263 0 -1
ciMethod org/springframework/asm/ClassReader readInt (I)I 2193 1 274 0 -1
ciMethod org/springframework/asm/ClassReader readUTF8 (I[C)Ljava/lang/String; 3321 1 415 0 -1
ciMethod org/springframework/asm/ClassReader readUtf (I[C)Ljava/lang/String; 3369 1 421 0 -1
ciMethod org/springframework/asm/ClassReader readUtf (II[C)Ljava/lang/String; 1017 24785 127 0 -1
ciMethod org/springframework/asm/ClassReader readStringish (I[C)Ljava/lang/String; 3121 1 390 0 -1
ciMethod org/springframework/asm/ClassReader readClass (I[C)Ljava/lang/String; 3121 1 390 0 -1
ciMethod org/springframework/asm/Context <init> ()V 2529 1 287 0 -1
instanceKlass com/example/demo/DemoApplication
instanceKlass java/lang/ref/Finalizer$1
instanceKlass java/lang/ref/Finalizer$2
instanceKlass org/springframework/beans/factory/support/DefaultListableBeanFactory$$Lambda$945
instanceKlass org/springframework/beans/factory/support/DefaultListableBeanFactory$$Lambda$944
instanceKlass java/lang/invoke/LambdaForm$MH
instanceKlass com/zaxxer/hikari/util/ConcurrentBag$$Lambda$943
instanceKlass com/zaxxer/hikari/pool/HikariPool$$Lambda$942
instanceKlass org/springframework/boot/devtools/autoconfigure/DevToolsDataSourceAutoConfiguration$NonEmbeddedInMemoryDatabaseShutdownExecutor$InMemoryDatabase$$Lambda$941
instanceKlass org/springframework/boot/devtools/autoconfigure/DevToolsDataSourceAutoConfiguration$NonEmbeddedInMemoryDatabaseShutdownExecutor$InMemoryDatabase$$Lambda$940
instanceKlass org/springframework/boot/devtools/autoconfigure/DevToolsDataSourceAutoConfiguration$NonEmbeddedInMemoryDatabaseShutdownExecutor$InMemoryDatabase$ShutdownHandler
instanceKlass java/util/AbstractMap$2$1
instanceKlass java/lang/invoke/LambdaForm$MH
instanceKlass org/springframework/orm/hibernate5/SpringBeanContainer$$Lambda$939
instanceKlass org/springframework/orm/hibernate5/SpringBeanContainer$SpringContainedBean
instanceKlass org/hibernate/resource/beans/container/spi/ContainedBean
instanceKlass java/util/concurrent/Executors$DefaultThreadFactory
instanceKlass ch/qos/logback/core/util/ExecutorServiceUtil$1
instanceKlass ch/qos/logback/core/util/ExecutorServiceUtil
instanceKlass ch/qos/logback/core/rolling/helper/TimeBasedArchiveRemover$ArhiveRemoverRunnable
instanceKlass org/springframework/jmx/export/MBeanExporter$$Lambda$938
instanceKlass org/apache/catalina/loader/JdbcLeakPrevention
instanceKlass org/apache/catalina/core/ContainerBase$StopChild
instanceKlass org/apache/catalina/Lifecycle$SingleUse
instanceKlass org/springframework/boot/web/servlet/context/WebServerGracefulShutdownLifecycle$$Lambda$937
instanceKlass org/springframework/boot/web/server/GracefulShutdownCallback
instanceKlass java/lang/invoke/LambdaForm$MH
instanceKlass org/springframework/context/support/DefaultLifecycleProcessor$$Lambda$936
instanceKlass java/lang/invoke/LambdaForm$MH
instanceKlass org/springframework/context/support/DefaultLifecycleProcessor$$Lambda$935
instanceKlass org/springframework/boot/devtools/restart/Restarter$$Lambda$934
instanceKlass org/springframework/boot/devtools/autoconfigure/FileWatchingFailureHandler
instanceKlass java/lang/invoke/LambdaForm$MH
instanceKlass org/springframework/boot/devtools/filewatch/ChangedFile$$Lambda$933
instanceKlass org/springframework/boot/devtools/filewatch/ChangedFiles
instanceKlass java/lang/invoke/LambdaForm$MH
instanceKlass org/springframework/boot/devtools/filewatch/DirectorySnapshot$$Lambda$932
instanceKlass com/mysql/cj/protocol/ExportControlled$$Lambda$931
instanceKlass com/mysql/cj/protocol/ExportControlled$$Lambda$930
instanceKlass com/mysql/cj/protocol/ExportControlled$$Lambda$929
instanceKlass com/mysql/cj/protocol/ExportControlled$$Lambda$928
instanceKlass com/mysql/cj/protocol/ExportControlled
instanceKlass com/zaxxer/hikari/pool/HikariPool$$Lambda$927
instanceKlass org/springframework/web/servlet/FlashMap$$Lambda$926
instanceKlass org/springframework/web/util/HierarchicalUriComponents$FullPathComponent
instanceKlass org/springframework/web/util/HierarchicalUriComponents$1
instanceKlass org/springframework/web/util/HierarchicalUriComponents$PathComponent
instanceKlass org/springframework/util/CollectionUtils$$Lambda$925
instanceKlass org/springframework/web/util/UriComponents
instanceKlass org/springframework/web/util/UriComponentsBuilder$FullPathComponentBuilder
instanceKlass org/springframework/web/util/UriComponentsBuilder$PathSegmentComponentBuilder
instanceKlass org/springframework/web/util/UriComponentsBuilder$CompositePathComponentBuilder
instanceKlass org/springframework/web/util/UriComponentsBuilder$PathComponentBuilder
instanceKlass org/springframework/web/servlet/view/RedirectView$$Lambda$924
instanceKlass org/hibernate/jdbc/Expectations$BasicExpectation
instanceKlass org/hibernate/jdbc/Expectations$1
instanceKlass org/hibernate/jdbc/Expectation
instanceKlass org/hibernate/jdbc/Expectations
instanceKlass org/hibernate/validator/internal/engine/ValidatorContextImpl
instanceKlass org/hibernate/validator/HibernateValidatorContext
instanceKlass org/hibernate/cfg/beanvalidation/HibernateTraversableResolver
instanceKlass org/hibernate/engine/spi/EntityEntryExtraState
instanceKlass org/hibernate/engine/internal/Nullability
instanceKlass org/hibernate/engine/spi/ExecutableList
instanceKlass org/hibernate/engine/internal/NonNullableTransientDependencies
instanceKlass org/hibernate/engine/internal/ForeignKeys$Nullifier
instanceKlass org/hibernate/id/IdentifierGeneratorHelper$BasicHolder
instanceKlass org/hibernate/id/IntegralDataTypeHolder
instanceKlass org/hibernate/id/IdentifierGeneratorHelper$2
instanceKlass org/hibernate/id/IdentifierGeneratorHelper$1
instanceKlass org/hibernate/id/IdentifierGeneratorHelper
instanceKlass org/hibernate/jdbc/WorkExecutor
instanceKlass org/hibernate/jdbc/AbstractReturningWork
instanceKlass org/hibernate/jdbc/WorkExecutorVisitable
instanceKlass org/hibernate/jdbc/ReturningWork
instanceKlass org/hibernate/resource/transaction/backend/jdbc/internal/JdbcIsolationDelegate
instanceKlass org/hibernate/engine/transaction/spi/IsolationDelegate
instanceKlass org/hibernate/id/enhanced/TableStructure$1
instanceKlass org/hibernate/id/enhanced/AccessCallback
instanceKlass org/hibernate/event/internal/DefaultPersistEventListener$1
instanceKlass org/hibernate/engine/internal/ForeignKeys
instanceKlass org/hibernate/internal/SessionImpl$$Lambda$923
instanceKlass org/springframework/data/repository/core/support/QueryExecutionResultHandler$ReturnTypeDescriptor
instanceKlass org/springframework/validation/support/BindingAwareModelMap$$Lambda$922
instanceKlass org/springframework/core/convert/support/StringToNumberConverterFactory$StringToNumber
instanceKlass org/springframework/web/servlet/mvc/method/annotation/ExtendedServletRequestDataBinder$$Lambda$921
instanceKlass org/springframework/beans/MutablePropertyValues$$Lambda$920
instanceKlass org/thymeleaf/spring5/context/webmvc/SpringWebMvcThymeleafRequestContext$$Lambda$919
instanceKlass org/thymeleaf/spring5/context/webmvc/SpringWebMvcThymeleafBindStatus
instanceKlass org/thymeleaf/spring5/context/IThymeleafBindStatus
instanceKlass org/springframework/web/bind/EscapedErrors
instanceKlass org/springframework/web/servlet/support/BindStatus
instanceKlass org/thymeleaf/spring5/util/FieldUtils
instanceKlass org/thymeleaf/spring5/expression/Fields
instanceKlass java/lang/StrictMath
instanceKlass org/unbescape/uri/UriEscapeUtil
instanceKlass org/unbescape/uri/UriEscape
instanceKlass org/thymeleaf/engine/IteratedGatheringModelProcessable$IterationModels
instanceKlass org/thymeleaf/engine/DataDrivenTemplateIterator
instanceKlass org/thymeleaf/engine/IterationStatusVar
instanceKlass org/thymeleaf/engine/AbstractGatheringModelProcessable
instanceKlass org/thymeleaf/engine/IGatheringModelProcessable
instanceKlass org/thymeleaf/standard/expression/Each
instanceKlass org/thymeleaf/standard/expression/EachUtils
instanceKlass java/util/Collections$UnmodifiableList$1
instanceKlass org/springframework/beans/PropertyAccessorFactory
instanceKlass org/springframework/validation/DefaultMessageCodesResolver
instanceKlass org/springframework/validation/AbstractErrors
instanceKlass org/hibernate/event/internal/AbstractFlushingEventListener$$Lambda$918
instanceKlass org/hibernate/engine/spi/BatchFetchQueue
instanceKlass org/hibernate/engine/spi/ActionQueue$$Lambda$917
instanceKlass org/hibernate/internal/SessionImpl$$Lambda$916
instanceKlass org/springframework/data/domain/PageImpl$$Lambda$915
instanceKlass java/lang/invoke/LambdaForm$MH
instanceKlass java/lang/invoke/LambdaForm$DMH
instanceKlass java/lang/invoke/LambdaForm$DMH
instanceKlass org/springframework/data/domain/PageImpl$$Lambda$914
instanceKlass java/lang/invoke/LambdaForm$DMH
instanceKlass org/springframework/data/domain/PageImpl$$Lambda$913
instanceKlass org/hibernate/engine/internal/NaturalIdXrefDelegate
instanceKlass org/hibernate/event/internal/AbstractFlushingEventListener$$Lambda$912
instanceKlass org/hibernate/event/internal/AbstractFlushingEventListener$$Lambda$911
instanceKlass org/hibernate/engine/internal/Collections
instanceKlass org/hibernate/event/internal/DefaultFlushEntityEventListener$1DirtyCheckContextImpl
instanceKlass org/hibernate/CustomEntityDirtinessStrategy$DirtyCheckContext
instanceKlass org/hibernate/event/internal/AbstractVisitor
instanceKlass org/hibernate/action/internal/DelayedPostInsertIdentifier
instanceKlass org/hibernate/internal/util/collections/IdentityMap$IdentityMapEntry
instanceKlass org/hibernate/event/internal/AbstractFlushingEventListener$$Lambda$910
instanceKlass org/hibernate/engine/internal/Cascade
instanceKlass org/hibernate/hql/internal/ast/util/ColumnHelper
instanceKlass org/springframework/data/domain/Chunk
instanceKlass org/springframework/data/repository/support/PageableExecutionUtils
instanceKlass org/springframework/data/jpa/repository/support/SimpleJpaRepository$$Lambda$909
instanceKlass java/util/function/LongSupplier
instanceKlass java/lang/invoke/LambdaForm$DMH
instanceKlass org/hibernate/internal/SessionImpl$$Lambda$908
instanceKlass org/springframework/data/util/Optionals$$Lambda$907
instanceKlass org/springframework/data/util/Optionals$$Lambda$906
instanceKlass org/springframework/data/jpa/repository/support/DefaultQueryHints$$Lambda$905
instanceKlass org/springframework/data/jpa/repository/support/DefaultQueryHints
instanceKlass org/hibernate/query/criteria/internal/OrderImpl
instanceKlass javax/persistence/criteria/Order
instanceKlass org/springframework/data/repository/core/support/ImplementationInvocationMetadata
instanceKlass org/springframework/data/repository/core/support/RepositoryComposition$RepositoryFragments$$Lambda$904
instanceKlass org/springframework/data/jpa/repository/support/QueryHints
instanceKlass org/springframework/data/repository/core/support/RepositoryComposition$RepositoryFragments$$Lambda$903
instanceKlass org/springframework/data/repository/core/support/RepositoryComposition$RepositoryFragments$$Lambda$902
instanceKlass org/springframework/data/repository/core/support/RepositoryComposition$RepositoryFragments$$Lambda$901
instanceKlass org/springframework/beans/factory/annotation/BeanFactoryAnnotationUtils$$Lambda$900
instanceKlass org/springframework/data/jpa/repository/support/CrudMethodMetadataPostProcessor$DefaultCrudMethodMetadata$$Lambda$899
instanceKlass javax/persistence/QueryHint
instanceKlass org/springframework/data/jpa/repository/support/CrudMethodMetadataPostProcessor$DefaultCrudMethodMetadata$$Lambda$898
instanceKlass org/springframework/data/jpa/repository/support/CrudMethodMetadataPostProcessor$DefaultCrudMethodMetadata
instanceKlass org/springframework/cglib/core/EmitUtils$16
instanceKlass org/springframework/cglib/core/EmitUtils$15
instanceKlass org/springframework/orm/jpa/vendor/HibernateJpaDialect$HibernateConnectionHandle
instanceKlass org/springframework/jdbc/datasource/ConnectionHandle
instanceKlass org/springframework/orm/jpa/vendor/HibernateJpaDialect$SessionTransactionData
instanceKlass org/springframework/transaction/support/ResourceTransactionDefinition
instanceKlass org/springframework/transaction/support/DelegatingTransactionDefinition
instanceKlass org/springframework/transaction/support/CallbackPreferringPlatformTransactionManager
instanceKlass org/springframework/data/web/PageableHandlerMethodArgumentResolverSupport$$Lambda$897
instanceKlass org/springframework/data/web/PageableHandlerMethodArgumentResolverSupport$$Lambda$896
instanceKlass org/springframework/data/web/PageableHandlerMethodArgumentResolverSupport$$Lambda$895
instanceKlass org/springframework/data/web/PageableHandlerMethodArgumentResolverSupport$$Lambda$894
instanceKlass org/springframework/data/web/PageableHandlerMethodArgumentResolverSupport$$Lambda$893
instanceKlass org/springframework/data/web/PageableHandlerMethodArgumentResolverSupport$$Lambda$892
instanceKlass org/springframework/data/web/PageableHandlerMethodArgumentResolverSupport$$Lambda$891
instanceKlass org/springframework/data/web/PageableHandlerMethodArgumentResolverSupport$$Lambda$890
instanceKlass org/springframework/data/domain/Sort$$Lambda$889
instanceKlass org/springframework/data/web/SpringDataAnnotationUtils
instanceKlass org/apache/tomcat/util/http/parser/Cookie$ByteBuffer
instanceKlass org/apache/tomcat/util/http/parser/Cookie
instanceKlass org/hibernate/internal/util/collections/IdentityMap$$Lambda$888
instanceKlass org/hibernate/engine/internal/StatefulPersistenceContext$$Lambda$887
instanceKlass org/hibernate/engine/internal/EntityEntryContext$EntityEntryCrossRefImpl
instanceKlass org/hibernate/engine/internal/EntityEntryContext$EntityEntryCrossRef
instanceKlass org/apache/tomcat/util/buf/UriUtil
instanceKlass org/springframework/expression/spel/support/ReflectivePropertyAccessor$OptimalPropertyAccessor
instanceKlass org/springframework/expression/spel/support/ReflectivePropertyAccessor$InvokerPair
instanceKlass org/springframework/expression/spel/support/ReflectivePropertyAccessor$$Lambda$886
instanceKlass org/springframework/expression/spel/support/ReflectivePropertyAccessor$$Lambda$885
instanceKlass org/springframework/expression/spel/support/ReflectivePropertyAccessor$PropertyCacheKey
instanceKlass org/springframework/expression/spel/ast/PropertyOrFieldReference$AccessorLValue
instanceKlass org/thymeleaf/standard/util/StandardConditionalCommentUtils
instanceKlass org/thymeleaf/model/IComment
instanceKlass javax/servlet/http/HttpSessionBindingListener
instanceKlass org/springframework/data/jpa/repository/query/AbstractJpaQuery$TupleConverter
instanceKlass org/hibernate/hql/internal/HolderInstantiator$$Lambda$884
instanceKlass org/hibernate/hql/internal/HolderInstantiator$$Lambda$883
instanceKlass org/hibernate/hql/internal/HolderInstantiator$$Lambda$882
instanceKlass org/hibernate/hql/internal/HolderInstantiator
instanceKlass org/hibernate/engine/internal/StatefulPersistenceContext$$Lambda$881
instanceKlass org/hibernate/internal/FastSessionServices$$Lambda$880
instanceKlass org/hibernate/engine/spi/SelfDirtinessTracker
instanceKlass org/hibernate/type/TypeHelper
instanceKlass org/hibernate/internal/util/collections/IdentityMap$IdentityKey
instanceKlass org/hibernate/internal/util/collections/IdentityMap
instanceKlass org/hibernate/engine/spi/CollectionEntry
instanceKlass org/hibernate/collection/internal/AbstractPersistentCollection
instanceKlass org/hibernate/collection/spi/PersistentCollection
instanceKlass org/hibernate/engine/loading/internal/LoadContexts
instanceKlass org/hibernate/engine/spi/CollectionKey
instanceKlass org/hibernate/property/access/internal/PropertyAccessStrategyBackRefImpl$1
instanceKlass org/hibernate/property/access/internal/PropertyAccessStrategyBackRefImpl
instanceKlass org/hibernate/bytecode/enhance/spi/LazyPropertyInitializer$1
instanceKlass org/hibernate/engine/internal/TwoPhaseLoad$EntityResolver$$Lambda$879
instanceKlass java/lang/invoke/LambdaForm$DMH
instanceKlass org/hibernate/engine/internal/TwoPhaseLoad$EntityResolver
instanceKlass org/hibernate/event/spi/AbstractEvent
instanceKlass org/hibernate/secure/spi/PermissionCheckEntityInformation
instanceKlass org/hibernate/engine/internal/Versioning
instanceKlass com/mysql/cj/protocol/InternalDate
instanceKlass org/hibernate/engine/internal/EntityEntryContext$ManagedEntityImpl
instanceKlass org/hibernate/engine/spi/ManagedEntity
instanceKlass org/hibernate/engine/internal/AbstractEntityEntry$EnumState
instanceKlass org/hibernate/engine/internal/AbstractEntityEntry
instanceKlass org/hibernate/engine/spi/EntityEntry
instanceKlass org/hibernate/engine/internal/TwoPhaseLoad
instanceKlass org/hibernate/type/descriptor/sql/BasicExtractor
instanceKlass org/hibernate/type/descriptor/ValueExtractor
instanceKlass org/hibernate/engine/spi/EntityKey
instanceKlass org/hibernate/loader/Loader$SqlStatementWrapper
instanceKlass org/hibernate/engine/jdbc/internal/ResultSetReturnImpl
instanceKlass org/hibernate/engine/jdbc/spi/ResultSetReturn
instanceKlass org/hibernate/type/descriptor/sql/BasicBinder
instanceKlass org/hibernate/type/descriptor/ValueBinder
instanceKlass org/hibernate/engine/jdbc/spi/JdbcWrapper
instanceKlass com/zaxxer/hikari/pool/ProxyStatement
instanceKlass com/mysql/cj/ClientPreparedQueryBindValue
instanceKlass com/mysql/cj/BindValue
instanceKlass com/mysql/cj/AbstractQueryBindings
instanceKlass com/mysql/cj/QueryBindings
instanceKlass com/mysql/cj/ParseInfo
instanceKlass com/mysql/cj/PreparedQuery
instanceKlass com/mysql/cj/jdbc/JdbcPreparedStatement
instanceKlass com/mysql/cj/jdbc/EscapeProcessor
instanceKlass org/hibernate/engine/jdbc/internal/StatementPreparerImpl$StatementPreparationTemplate
instanceKlass org/hibernate/engine/jdbc/internal/StatementPreparerImpl
instanceKlass org/hibernate/engine/jdbc/spi/StatementPreparer
instanceKlass org/hibernate/dialect/pagination/LimitHelper
instanceKlass org/hibernate/engine/spi/TypedValue$1
instanceKlass org/hibernate/engine/spi/TypedValue
instanceKlass org/hibernate/engine/spi/QueryParameters
instanceKlass org/springframework/data/jpa/repository/query/JpaQueryMethod$$Lambda$878
instanceKlass org/springframework/data/jpa/repository/Lock
instanceKlass org/springframework/data/jpa/repository/EntityGraph
instanceKlass org/hibernate/query/spi/QueryParameterBindingValidator
instanceKlass org/hibernate/query/internal/QueryParameterBindingImpl
instanceKlass org/hibernate/query/spi/QueryParameterBinding
instanceKlass org/hibernate/jpa/TypedParameterValue
instanceKlass org/springframework/data/jpa/repository/query/QueryParameterSetter$NamedOrIndexedQueryParameterSetter$$Lambda$877
instanceKlass org/springframework/data/jpa/repository/query/ParameterMetadataProvider$1
instanceKlass org/springframework/data/jpa/repository/query/QueryParameterSetter$QueryMetadata
instanceKlass org/hibernate/query/criteria/internal/compile/CriteriaQueryTypeQueryAdapter
instanceKlass javax/persistence/Tuple
instanceKlass org/hibernate/query/criteria/internal/CriteriaQueryImpl$1$1$1
instanceKlass org/hibernate/jpa/spi/HibernateEntityManagerImplementor$QueryOptions$ResultMetadataValidator
instanceKlass org/hibernate/engine/query/spi/AbstractParameterDescriptor
instanceKlass org/hibernate/query/QueryParameter
instanceKlass org/hibernate/hql/internal/ast/NamedParameterInformationImpl
instanceKlass org/hibernate/hql/spi/NamedParameterInformation
instanceKlass org/hibernate/hql/spi/ParameterInformation
instanceKlass org/hibernate/param/AbstractExplicitParameterSpecification
instanceKlass org/hibernate/param/ExplicitParameterSpecification
instanceKlass org/hibernate/param/ParameterSpecification
instanceKlass org/hibernate/param/ParameterBinder
instanceKlass org/hibernate/hql/internal/CollectionProperties
instanceKlass org/hibernate/persister/entity/Queryable$Declarer
instanceKlass org/hibernate/hql/internal/ast/tree/BinaryOperatorNode
instanceKlass org/hibernate/hql/internal/ast/tree/OperatorNode
instanceKlass org/hibernate/query/criteria/internal/CriteriaQueryImpl$1$1
instanceKlass org/hibernate/jpa/spi/HibernateEntityManagerImplementor$QueryOptions
instanceKlass org/hibernate/query/criteria/internal/compile/CriteriaCompiler$2
instanceKlass org/hibernate/query/criteria/internal/compile/InterpretedParameterMetadata
instanceKlass org/hibernate/query/criteria/internal/CriteriaQueryImpl$1
instanceKlass org/hibernate/query/criteria/internal/compile/CriteriaInterpretation
instanceKlass org/hibernate/query/criteria/internal/compile/ExplicitParameterInfo
instanceKlass org/hibernate/internal/util/collections/StandardStack
instanceKlass org/hibernate/internal/util/collections/Stack
instanceKlass org/hibernate/query/criteria/internal/compile/CriteriaCompiler$1
instanceKlass org/hibernate/query/criteria/internal/compile/RenderingContext
instanceKlass org/hibernate/query/criteria/internal/compile/CriteriaCompiler
instanceKlass org/springframework/data/repository/core/support/QueryExecutorMethodInterceptor$QueryMethodInvoker
instanceKlass org/springframework/transaction/interceptor/TransactionInterceptor$$Lambda$876
instanceKlass org/springframework/aop/framework/InterceptorAndDynamicMethodMatcher
instanceKlass org/springframework/aop/framework/ReflectiveMethodInvocation
instanceKlass org/springframework/aop/ProxyMethodInvocation
instanceKlass com/example/demo/utils/MD5Utils
instanceKlass javax/servlet/http/CookieNameValidator
instanceKlass javax/servlet/http/Cookie
instanceKlass org/apache/catalina/session/ManagerBase$SessionTiming
instanceKlass org/apache/catalina/session/StandardSessionFacade
instanceKlass org/apache/catalina/session/StandardSession
instanceKlass org/apache/catalina/Session
instanceKlass org/springframework/data/repository/support/DomainClassConverter$$Lambda$875
instanceKlass org/springframework/data/repository/support/DomainClassConverter$ToIdConverter
instanceKlass org/springframework/data/repository/support/DefaultRepositoryInvokerFactory
instanceKlass org/springframework/data/repository/support/RepositoryInvokerFactory
instanceKlass org/springframework/data/repository/support/DomainClassConverter$ToEntityConverter
instanceKlass org/springframework/data/repository/core/support/RepositoryFactoryBeanSupport$$Lambda$874
instanceKlass org/springframework/validation/DefaultBindingErrorProcessor
instanceKlass org/springframework/validation/BindingErrorProcessor
instanceKlass org/springframework/validation/DataBinder
instanceKlass org/springframework/web/method/annotation/AbstractNamedValueMethodArgumentResolver$NamedValueInfo
instanceKlass com/fasterxml/jackson/databind/ser/impl/PropertySerializerMap$TypeAndSerializer
instanceKlass com/fasterxml/jackson/core/io/NumberOutput
instanceKlass com/fasterxml/jackson/databind/ser/std/NumberSerializers$1
instanceKlass com/fasterxml/jackson/databind/ser/impl/PropertySerializerMap$SerializerAndMapResult
instanceKlass com/fasterxml/jackson/databind/PropertyMetadata
instanceKlass com/fasterxml/jackson/databind/introspect/POJOPropertyBuilder$7
instanceKlass com/fasterxml/jackson/databind/introspect/POJOPropertyBuilder$6
instanceKlass com/fasterxml/jackson/annotation/JsonPropertyDescription
instanceKlass com/fasterxml/jackson/databind/introspect/POJOPropertyBuilder$5
instanceKlass com/fasterxml/jackson/databind/introspect/POJOPropertyBuilder$4
instanceKlass com/fasterxml/jackson/annotation/JsonPropertyOrder
instanceKlass com/fasterxml/jackson/databind/annotation/JsonNaming
instanceKlass com/fasterxml/jackson/annotation/JacksonInject
instanceKlass com/fasterxml/jackson/databind/introspect/POJOPropertyBuilder$10
instanceKlass com/fasterxml/jackson/databind/introspect/POJOPropertyBuilder$9
instanceKlass com/fasterxml/jackson/databind/introspect/POJOPropertyBuilder$WithMember
instanceKlass com/fasterxml/jackson/annotation/JsonAnyGetter
instanceKlass com/fasterxml/jackson/databind/util/BeanUtil
instanceKlass com/fasterxml/jackson/annotation/JsonSetter
instanceKlass com/fasterxml/jackson/databind/introspect/AnnotatedMethodMap
instanceKlass com/fasterxml/jackson/annotation/JacksonAnnotationsInside
instanceKlass com/fasterxml/jackson/databind/introspect/AnnotatedMethodCollector$MethodBuilder
instanceKlass com/fasterxml/jackson/databind/introspect/MemberKey
instanceKlass com/fasterxml/jackson/databind/introspect/POJOPropertyBuilder$Linked
instanceKlass com/fasterxml/jackson/databind/AnnotationIntrospector$ReferenceProperty
instanceKlass com/fasterxml/jackson/databind/introspect/BeanPropertyDefinition
instanceKlass com/fasterxml/jackson/databind/util/Named
instanceKlass com/fasterxml/jackson/annotation/JsonIgnore
instanceKlass com/fasterxml/jackson/annotation/JsonAutoDetect$1
instanceKlass com/fasterxml/jackson/annotation/JsonProperty
instanceKlass com/fasterxml/jackson/annotation/JsonGetter
instanceKlass com/fasterxml/jackson/annotation/JsonAnySetter
instanceKlass com/fasterxml/jackson/annotation/JsonValue
instanceKlass com/fasterxml/jackson/databind/introspect/AnnotatedFieldCollector$FieldBuilder
instanceKlass com/fasterxml/jackson/databind/introspect/TypeResolutionContext$Basic
instanceKlass com/fasterxml/jackson/databind/introspect/AnnotationMap
instanceKlass com/fasterxml/jackson/databind/introspect/CollectorBase
instanceKlass java/util/stream/DoubleStream
instanceKlass com/fasterxml/jackson/annotation/JsonIdentityInfo
instanceKlass com/fasterxml/jackson/annotation/JsonAutoDetect
instanceKlass com/fasterxml/jackson/databind/introspect/POJOPropertiesCollector
instanceKlass com/fasterxml/jackson/databind/ser/std/StdKeySerializers
instanceKlass com/fasterxml/jackson/databind/ObjectWriter$Prefetch
instanceKlass com/fasterxml/jackson/databind/ObjectWriter$GeneratorSettings
instanceKlass com/fasterxml/jackson/core/util/MinimalPrettyPrinter
instanceKlass org/springframework/util/TypeUtils
instanceKlass com/fasterxml/jackson/core/JsonStreamContext
instanceKlass java/util/concurrent/atomic/AtomicReferenceArray
instanceKlass com/fasterxml/jackson/core/util/BufferRecycler
instanceKlass com/fasterxml/jackson/core/util/BufferRecyclers
instanceKlass com/fasterxml/jackson/core/io/IOContext
instanceKlass org/springframework/http/converter/json/MappingJacksonValue
instanceKlass org/springframework/web/servlet/mvc/method/annotation/AbstractMessageConverterMethodProcessor$$Lambda$873
instanceKlass javax/xml/bind/annotation/XmlRootElement
instanceKlass com/fasterxml/jackson/databind/ser/ResolvableSerializer
instanceKlass com/fasterxml/jackson/annotation/JsonInclude
instanceKlass com/fasterxml/jackson/databind/ser/impl/PropertySerializerMap
instanceKlass com/fasterxml/jackson/annotation/JsonIgnoreProperties$Value
instanceKlass com/fasterxml/jackson/annotation/JsonIgnoreProperties
instanceKlass com/fasterxml/jackson/annotation/JsonFilter
instanceKlass com/fasterxml/jackson/databind/util/ArrayIterator
instanceKlass com/fasterxml/jackson/databind/annotation/JsonTypeResolver
instanceKlass com/fasterxml/jackson/databind/type/TypeBindings$AsKey
instanceKlass com/fasterxml/jackson/databind/type/TypeBindings$TypeParamStash
instanceKlass java/util/OptionalDouble
instanceKlass java/util/OptionalLong
instanceKlass java/util/OptionalInt
instanceKlass com/fasterxml/jackson/databind/type/ClassStack
instanceKlass com/fasterxml/jackson/databind/util/TypeKey
instanceKlass com/fasterxml/jackson/databind/ser/impl/ReadOnlyClassToSerializerMap$Bucket
instanceKlass com/fasterxml/jackson/databind/ser/impl/ReadOnlyClassToSerializerMap
instanceKlass org/springframework/http/server/ServletServerHttpRequest
instanceKlass org/springframework/boot/autoconfigure/web/servlet/error/BasicErrorController$1
instanceKlass org/springframework/web/bind/annotation/RequestAttribute
instanceKlass org/springframework/web/bind/annotation/SessionAttribute
instanceKlass org/springframework/web/bind/annotation/CookieValue
instanceKlass org/springframework/web/bind/annotation/RequestHeader
instanceKlass org/springframework/web/bind/annotation/RequestBody
instanceKlass org/springframework/web/bind/annotation/MatrixVariable
instanceKlass org/springframework/web/bind/annotation/PathVariable
instanceKlass javax/servlet/http/Part
instanceKlass org/springframework/web/multipart/MultipartFile
instanceKlass org/springframework/web/multipart/support/MultipartResolutionDelegate
instanceKlass org/springframework/web/bind/annotation/RequestPart
instanceKlass org/springframework/web/bind/annotation/RequestParam
instanceKlass org/springframework/web/servlet/mvc/method/RequestMappingInfoHandlerMapping$$Lambda$872
instanceKlass org/springframework/web/servlet/handler/AbstractHandlerMethodMapping$MatchComparator
instanceKlass javax/servlet/ServletRequestWrapper
instanceKlass org/apache/catalina/core/ApplicationDispatcher$State
instanceKlass org/apache/catalina/core/ApplicationMapping$MappingImpl
instanceKlass javax/servlet/http/HttpServletMapping
instanceKlass org/apache/catalina/core/ApplicationMapping$1
instanceKlass org/apache/catalina/core/ApplicationContext$DispatchData
instanceKlass org/apache/tomcat/util/net/NioBlockingSelector$BlockPoller$RunnableAdd
instanceKlass org/springframework/util/StreamUtils
instanceKlass org/apache/coyote/Constants
instanceKlass org/springframework/http/server/ServletServerHttpResponse$$Lambda$869
instanceKlass org/springframework/http/StreamingHttpOutputMessage
instanceKlass org/springframework/web/servlet/resource/HttpResource
instanceKlass java/time/zone/ZoneOffsetTransitionRule
instanceKlass java/time/zone/ZoneRules
instanceKlass org/springframework/http/server/ServletServerHttpResponse
instanceKlass org/springframework/http/server/ServerHttpResponse
instanceKlass org/springframework/web/servlet/mvc/LastModified
instanceKlass org/springframework/web/servlet/function/HandlerFunction
instanceKlass java/util/concurrent/locks/ReentrantReadWriteLock$Sync$HoldCounter
instanceKlass org/springframework/util/AntPathMatcher$AntPatternComparator$PatternInfo
instanceKlass org/springframework/util/AntPathMatcher$AntPatternComparator
instanceKlass org/springframework/web/servlet/mvc/method/RequestMappingInfoHandlerMapping$PartialMatchHelper
instanceKlass org/apache/catalina/AccessLog
instanceKlass org/apache/tomcat/util/net/NioBlockingSelector$BlockPoller$RunnableRemove
instanceKlass org/apache/tomcat/util/net/NioBlockingSelector$KeyReference
instanceKlass org/apache/tomcat/util/buf/HexUtils
instanceKlass org/apache/coyote/http11/Constants
instanceKlass org/thymeleaf/standard/processor/StandardTextTagProcessor$1
instanceKlass org/thymeleaf/util/EvaluationUtils
instanceKlass org/springframework/expression/spel/ast/MethodReference$CachedMethodExecutor
instanceKlass org/springframework/expression/spel/support/ReflectiveMethodExecutor
instanceKlass org/springframework/expression/MethodExecutor
instanceKlass org/springframework/expression/spel/support/ReflectionHelper$ArgumentsMatchInfo
instanceKlass org/springframework/expression/spel/support/ReflectionHelper
instanceKlass org/springframework/expression/spel/support/ReflectiveMethodResolver$$Lambda$868
instanceKlass org/springframework/expression/spel/support/ReflectiveMethodResolver
instanceKlass org/springframework/expression/MethodResolver
instanceKlass org/springframework/expression/spel/ast/MethodReference$MethodValueRef
instanceKlass org/springframework/expression/spel/ast/ValueRef
instanceKlass org/thymeleaf/expression/Strings
instanceKlass org/thymeleaf/expression/ExpressionObjects
instanceKlass org/thymeleaf/expression/IExpressionObjects
instanceKlass org/thymeleaf/standard/util/StandardProcessorUtils
instanceKlass org/thymeleaf/spring5/context/SpringContextUtils
instanceKlass org/thymeleaf/spring5/requestdata/RequestDataValueProcessorUtils
instanceKlass org/unbescape/html/Html5EscapeSymbolsInitializer
instanceKlass org/unbescape/html/HtmlEscapeSymbols$1
instanceKlass org/unbescape/html/HtmlEscapeSymbols$Reference
instanceKlass org/unbescape/html/HtmlEscapeSymbols$References
instanceKlass org/unbescape/html/Html4EscapeSymbolsInitializer
instanceKlass org/unbescape/html/HtmlEscapeSymbols
instanceKlass org/unbescape/html/HtmlEscapeUtil
instanceKlass org/thymeleaf/inline/NoOpInliner
instanceKlass org/springframework/expression/spel/CodeFlow
instanceKlass org/springframework/expression/spel/ExpressionState
instanceKlass org/thymeleaf/spring5/expression/SPELContextMapWrapper
instanceKlass org/thymeleaf/context/ILazyContextVariable
instanceKlass org/thymeleaf/spring5/expression/SPELVariableExpressionEvaluator$ComputedSpelExpression
instanceKlass org/thymeleaf/standard/util/StandardExpressionUtils
instanceKlass org/springframework/expression/spel/standard/SpelExpression
instanceKlass org/springframework/expression/spel/ast/SpelNodeImpl
instanceKlass org/springframework/expression/spel/SpelNode
instanceKlass org/springframework/expression/spel/standard/Token
instanceKlass org/springframework/expression/spel/standard/Tokenizer
instanceKlass org/thymeleaf/spring5/expression/SpringStandardExpressions
instanceKlass org/thymeleaf/engine/Model
instanceKlass org/thymeleaf/standard/expression/FragmentSignature
instanceKlass org/thymeleaf/standard/expression/FragmentSignatureUtils
instanceKlass org/thymeleaf/standard/expression/NoOpToken
instanceKlass org/thymeleaf/model/IStandaloneElementTag
instanceKlass org/thymeleaf/standard/expression/Fragment
instanceKlass org/thymeleaf/engine/TemplateModel
instanceKlass org/thymeleaf/model/IModel
instanceKlass org/thymeleaf/model/ITemplateEnd
instanceKlass org/thymeleaf/model/ICloseElementTag
instanceKlass org/attoparser/select/MarkupSelectorItem$1
instanceKlass org/attoparser/select/ParseSelection$ParseSelectionLevel
instanceKlass org/attoparser/select/MarkupSelectorFilter$MarkupBlockMatchingCounter
instanceKlass org/attoparser/select/MarkupSelectorOrItem
instanceKlass org/attoparser/select/MarkupSelectorItem$AttributeConditionRelation
instanceKlass org/attoparser/select/MarkupSelectorItem$AttributeCondition
instanceKlass org/attoparser/select/MarkupSelectorItem$IAttributeCondition
instanceKlass org/attoparser/select/MarkupSelectorItem$IndexCondition
instanceKlass org/attoparser/select/MarkupSelectorItem
instanceKlass org/attoparser/select/IMarkupSelectorItem
instanceKlass org/attoparser/select/MarkupSelectorItems$SelectorRepository
instanceKlass org/attoparser/select/MarkupSelectorItems
instanceKlass org/attoparser/select/SelectorElementBuffer
instanceKlass org/attoparser/select/MarkupSelectorFilter
instanceKlass org/thymeleaf/templateparser/markup/TemplateFragmentMarkupReferenceResolver
instanceKlass org/attoparser/select/IMarkupSelectorReferenceResolver
instanceKlass org/thymeleaf/standard/expression/FragmentExpression$ExecutedFragmentExpression
instanceKlass org/thymeleaf/standard/expression/IStandardVariableExpression
instanceKlass org/thymeleaf/cache/StandardCache$CacheEntry
instanceKlass org/thymeleaf/standard/expression/AssignationSequence
instanceKlass org/thymeleaf/standard/expression/Assignation
instanceKlass org/thymeleaf/standard/expression/ExpressionSequence
instanceKlass org/thymeleaf/standard/expression/ExpressionSequenceUtils
instanceKlass org/thymeleaf/standard/expression/AssignationUtils
instanceKlass org/thymeleaf/standard/expression/LiteralValue
instanceKlass org/thymeleaf/standard/expression/ExpressionParsingNode
instanceKlass org/thymeleaf/util/ArrayUtils
instanceKlass org/thymeleaf/standard/expression/LiteralSubstitutionUtil
instanceKlass org/thymeleaf/standard/expression/ExpressionParsingUtil
instanceKlass org/thymeleaf/standard/expression/Expression
instanceKlass org/thymeleaf/standard/expression/IStandardExpression
instanceKlass org/thymeleaf/cache/ExpressionCacheKey
instanceKlass org/thymeleaf/standard/expression/ExpressionCache
instanceKlass org/thymeleaf/standard/expression/StandardExpressionPreprocessor
instanceKlass org/thymeleaf/standard/expression/StandardExpressions
instanceKlass org/thymeleaf/engine/Attribute$1
instanceKlass org/unbescape/html/HtmlEscape
instanceKlass org/thymeleaf/util/EscapedAttributeUtils$1
instanceKlass org/thymeleaf/util/EscapedAttributeUtils
instanceKlass org/thymeleaf/engine/ElementProcessorIterator
instanceKlass org/thymeleaf/engine/ProcessorExecutionVars
instanceKlass org/thymeleaf/model/IOpenElementTag
instanceKlass org/thymeleaf/engine/Attributes
instanceKlass org/thymeleaf/engine/ElementDefinitions$1
instanceKlass org/thymeleaf/engine/Attribute
instanceKlass org/thymeleaf/model/IAttribute
instanceKlass org/attoparser/ParsingAttributeSequenceUtil
instanceKlass org/thymeleaf/engine/EngineEventUtils
instanceKlass org/thymeleaf/model/IText
instanceKlass org/thymeleaf/model/IDocType
instanceKlass org/attoparser/HtmlElements$HtmlElementRepository$ElementComparator
instanceKlass org/attoparser/HtmlElement
instanceKlass org/attoparser/HtmlElements$HtmlElementRepository
instanceKlass org/attoparser/HtmlElements
instanceKlass org/attoparser/HtmlNames
