JvmtiExport can_access_local_variables 0
JvmtiExport can_hotswap_or_post_breakpoint 0
JvmtiExport can_post_on_exceptions 0
# 155 ciObject found
instanceKlass com/mysql/cj/jdbc/exceptions/SQLError
instanceKlass com/mysql/cj/jdbc/exceptions/SQLExceptionsMapping
instanceKlass com/mysql/cj/exceptions/ExceptionFactory
instanceKlass com/mysql/cj/exceptions/MysqlErrorNumbers
instanceKlass com/example/demo/po/User
instanceKlass com/example/demo/dao/UserRepository
instanceKlass com/example/demo/po/Type
instanceKlass com/example/demo/dao/TypeRepository
instanceKlass com/example/demo/po/Tag
instanceKlass com/example/demo/dao/TagRepository
instanceKlass com/example/demo/web/admin/TypeController
instanceKlass com/example/demo/web/admin/TagController
instanceKlass com/example/demo/web/admin/LoginController
instanceKlass com/example/demo/web/admin/BlogController
instanceKlass com/example/demo/web/IndexController
instanceKlass com/example/demo/service/serviceImpl/UserServiceImpl
instanceKlass com/example/demo/service/UserService
instanceKlass com/example/demo/service/serviceImpl/TypeServiceImpl
instanceKlass com/example/demo/service/TypeService
instanceKlass com/example/demo/service/serviceImpl/TagServiceImpl
instanceKlass com/example/demo/service/TagService
instanceKlass com/example/demo/hander/ControllerExceptionHander
instanceKlass com/example/demo/aspect/LogAspect
instanceKlass com/example/demo/DemoApplication
instanceKlass java/lang/ref/Finalizer$1
instanceKlass java/lang/ref/Finalizer$2
instanceKlass org/springframework/beans/factory/support/DefaultListableBeanFactory$$Lambda$961
instanceKlass org/springframework/beans/factory/support/DefaultListableBeanFactory$$Lambda$960
instanceKlass com/zaxxer/hikari/util/ConcurrentBag$$Lambda$959
instanceKlass com/zaxxer/hikari/pool/HikariPool$$Lambda$958
instanceKlass org/springframework/boot/devtools/autoconfigure/DevToolsDataSourceAutoConfiguration$NonEmbeddedInMemoryDatabaseShutdownExecutor$InMemoryDatabase$$Lambda$957
instanceKlass org/springframework/boot/devtools/autoconfigure/DevToolsDataSourceAutoConfiguration$NonEmbeddedInMemoryDatabaseShutdownExecutor$InMemoryDatabase$$Lambda$956
instanceKlass org/springframework/boot/devtools/autoconfigure/DevToolsDataSourceAutoConfiguration$NonEmbeddedInMemoryDatabaseShutdownExecutor$InMemoryDatabase$ShutdownHandler
instanceKlass java/util/AbstractMap$2$1
instanceKlass org/springframework/orm/hibernate5/SpringBeanContainer$$Lambda$955
instanceKlass org/springframework/orm/hibernate5/SpringBeanContainer$SpringContainedBean
instanceKlass org/hibernate/resource/beans/container/spi/ContainedBean
instanceKlass org/springframework/jmx/export/MBeanExporter$$Lambda$954
instanceKlass org/apache/catalina/loader/JdbcLeakPrevention
instanceKlass org/apache/catalina/core/ContainerBase$StopChild
instanceKlass org/apache/catalina/Lifecycle$SingleUse
instanceKlass org/springframework/boot/web/servlet/context/WebServerGracefulShutdownLifecycle$$Lambda$953
instanceKlass org/springframework/boot/web/server/GracefulShutdownCallback
instanceKlass org/springframework/context/support/DefaultLifecycleProcessor$$Lambda$952
instanceKlass org/springframework/context/support/DefaultLifecycleProcessor$$Lambda$951
instanceKlass org/springframework/boot/devtools/restart/Restarter$$Lambda$950
instanceKlass org/springframework/boot/devtools/autoconfigure/FileWatchingFailureHandler
instanceKlass org/springframework/boot/devtools/filewatch/ChangedFile$$Lambda$949
instanceKlass org/springframework/boot/devtools/filewatch/ChangedFiles
instanceKlass org/springframework/boot/devtools/filewatch/DirectorySnapshot$$Lambda$948
instanceKlass com/mysql/cj/protocol/ExportControlled$$Lambda$947
instanceKlass com/mysql/cj/protocol/ExportControlled$$Lambda$946
instanceKlass com/mysql/cj/protocol/ExportControlled$$Lambda$945
instanceKlass com/mysql/cj/protocol/ExportControlled$$Lambda$944
instanceKlass com/mysql/cj/protocol/ExportControlled
instanceKlass com/zaxxer/hikari/pool/HikariPool$$Lambda$943
instanceKlass org/attoparser/ParsingProcessingInstructionUtil
instanceKlass org/attoparser/ParsingXmlDeclarationMarkupUtil
instanceKlass com/example/demo/aspect/LogAspect$RequestLog
instanceKlass org/springframework/aop/aspectj/MethodInvocationProceedingJoinPoint$MethodSignatureImpl
instanceKlass org/aspectj/lang/reflect/MethodSignature
instanceKlass org/aspectj/lang/reflect/CodeSignature
instanceKlass org/aspectj/lang/reflect/MemberSignature
instanceKlass org/aspectj/lang/Signature
instanceKlass org/apache/catalina/util/RequestUtil
instanceKlass org/springframework/aop/aspectj/MethodInvocationProceedingJoinPoint
instanceKlass org/springframework/boot/autoconfigure/web/servlet/error/BasicErrorController$1
instanceKlass org/springframework/web/servlet/mvc/method/RequestMappingInfoHandlerMapping$$Lambda$942
instanceKlass org/springframework/web/servlet/handler/AbstractHandlerMethodMapping$MatchComparator
instanceKlass org/apache/catalina/core/ApplicationDispatcher$State
instanceKlass org/apache/catalina/core/ApplicationMapping$MappingImpl
instanceKlass javax/servlet/http/HttpServletMapping
instanceKlass org/apache/catalina/core/ApplicationMapping$1
instanceKlass org/apache/catalina/core/ApplicationContext$DispatchData
instanceKlass org/thymeleaf/util/LoggingUtils
instanceKlass org/springframework/expression/spel/SpelMessage$1
instanceKlass org/hibernate/Hibernate
instanceKlass org/hibernate/event/internal/DefaultMergeEventListener$1
instanceKlass org/hibernate/event/internal/MergeContext
instanceKlass org/hibernate/event/internal/EntityCopyNotAllowedObserver$$Lambda$941
instanceKlass org/hibernate/event/internal/EntityCopyNotAllowedObserver
instanceKlass org/hibernate/event/spi/EntityCopyObserver
instanceKlass org/hibernate/internal/SessionImpl$$Lambda$940
instanceKlass org/springframework/web/servlet/FlashMap$$Lambda$939
instanceKlass org/springframework/web/util/HierarchicalUriComponents$FullPathComponent
instanceKlass org/springframework/web/util/HierarchicalUriComponents$1
instanceKlass org/springframework/web/util/HierarchicalUriComponents$PathComponent
instanceKlass org/springframework/util/CollectionUtils$$Lambda$937
instanceKlass org/springframework/web/util/UriComponents
instanceKlass org/springframework/web/util/UriComponentsBuilder$FullPathComponentBuilder
instanceKlass org/springframework/web/util/UriComponentsBuilder$PathSegmentComponentBuilder
instanceKlass org/springframework/web/util/UriComponentsBuilder$CompositePathComponentBuilder
instanceKlass org/springframework/web/util/UriComponentsBuilder$PathComponentBuilder
instanceKlass org/springframework/web/servlet/view/RedirectView$$Lambda$935
instanceKlass org/hibernate/jdbc/Expectations$BasicExpectation
instanceKlass org/hibernate/jdbc/Expectations$1
instanceKlass org/hibernate/jdbc/Expectation
instanceKlass org/hibernate/jdbc/Expectations
instanceKlass org/hibernate/validator/internal/engine/ValidatorContextImpl
instanceKlass org/hibernate/validator/HibernateValidatorContext
instanceKlass org/hibernate/cfg/beanvalidation/HibernateTraversableResolver
instanceKlass org/hibernate/engine/spi/EntityEntryExtraState
instanceKlass org/hibernate/engine/internal/Nullability
instanceKlass org/hibernate/engine/spi/ExecutableList
instanceKlass org/hibernate/engine/internal/NonNullableTransientDependencies
instanceKlass org/hibernate/engine/internal/ForeignKeys$Nullifier
instanceKlass org/hibernate/id/IdentifierGeneratorHelper$BasicHolder
instanceKlass org/hibernate/id/IntegralDataTypeHolder
instanceKlass org/hibernate/id/IdentifierGeneratorHelper$2
instanceKlass org/hibernate/id/IdentifierGeneratorHelper$1
instanceKlass org/hibernate/id/IdentifierGeneratorHelper
instanceKlass org/hibernate/jdbc/WorkExecutor
instanceKlass org/hibernate/jdbc/AbstractReturningWork
instanceKlass org/hibernate/jdbc/WorkExecutorVisitable
instanceKlass org/hibernate/jdbc/ReturningWork
instanceKlass org/hibernate/resource/transaction/backend/jdbc/internal/JdbcIsolationDelegate
instanceKlass org/hibernate/engine/transaction/spi/IsolationDelegate
instanceKlass org/hibernate/id/enhanced/TableStructure$1
instanceKlass org/hibernate/id/enhanced/AccessCallback
instanceKlass org/hibernate/event/internal/DefaultPersistEventListener$1
instanceKlass org/hibernate/engine/internal/ForeignKeys
instanceKlass org/hibernate/internal/SessionImpl$$Lambda$934
instanceKlass org/springframework/data/repository/core/support/QueryExecutionResultHandler$ReturnTypeDescriptor
instanceKlass org/hibernate/internal/SessionImpl$$Lambda$933
instanceKlass org/hibernate/internal/SessionImpl$$Lambda$932
instanceKlass org/hibernate/engine/spi/ActionQueue$$Lambda$931
instanceKlass org/thymeleaf/util/DateUtils
instanceKlass org/thymeleaf/expression/Dates
instanceKlass org/thymeleaf/engine/IteratedGatheringModelProcessable$1
instanceKlass ch/qos/logback/classic/spi/StackTraceElementProxy
instanceKlass ch/qos/logback/classic/spi/ThrowableProxyUtil
instanceKlass ch/qos/logback/classic/spi/ThrowableProxy
instanceKlass ch/qos/logback/classic/spi/IThrowableProxy
instanceKlass org/springframework/core/ExceptionDepthComparator
instanceKlass org/springframework/dao/support/DataAccessUtils
instanceKlass org/springframework/dao/support/ChainedPersistenceExceptionTranslator
instanceKlass org/springframework/validation/support/BindingAwareModelMap$$Lambda$930
instanceKlass org/springframework/web/servlet/mvc/method/annotation/ExtendedServletRequestDataBinder$$Lambda$929
instanceKlass org/springframework/beans/MutablePropertyValues$$Lambda$928
instanceKlass org/thymeleaf/spring5/context/webmvc/SpringWebMvcThymeleafRequestContext$$Lambda$927
instanceKlass org/thymeleaf/spring5/context/webmvc/SpringWebMvcThymeleafBindStatus
instanceKlass org/thymeleaf/spring5/context/IThymeleafBindStatus
instanceKlass org/springframework/web/bind/EscapedErrors
instanceKlass org/springframework/web/servlet/support/BindStatus
instanceKlass org/thymeleaf/spring5/util/FieldUtils
instanceKlass org/thymeleaf/spring5/expression/Fields
instanceKlass org/hibernate/loader/plan/exec/process/internal/HydratedEntityRegistration
instanceKlass org/hibernate/loader/plan/exec/process/internal/ResultSetProcessingContextImpl$1
instanceKlass org/hibernate/loader/plan/exec/process/spi/ResultSetProcessingContext$EntityReferenceProcessingState
instanceKlass org/hibernate/loader/plan/exec/process/internal/ResultSetProcessingContextImpl
instanceKlass org/hibernate/loader/plan/exec/process/spi/ResultSetProcessingContext
instanceKlass org/hibernate/loader/plan/exec/spi/LockModeResolver
instanceKlass org/hibernate/loader/plan/exec/internal/AbstractLoadPlanBasedLoader$1
instanceKlass org/hibernate/loader/plan/exec/query/spi/NamedParameterContext
instanceKlass org/hibernate/loader/plan/exec/internal/AbstractLoadPlanBasedLoader$SqlStatementWrapper
instanceKlass org/hibernate/loader/entity/CacheEntityLoaderHelper$PersistenceContextEntry
instanceKlass org/hibernate/internal/SessionImpl$$Lambda$926
instanceKlass org/hibernate/event/service/spi/EventActionWithParameter
instanceKlass org/hibernate/event/spi/LoadEventListener$LoadType
instanceKlass org/hibernate/internal/SessionImpl$IdentifierLoadAccessImpl$$Lambda$925
instanceKlass org/hibernate/internal/SessionImpl$IdentifierLoadAccessImpl
instanceKlass org/springframework/core/convert/support/StringToNumberConverterFactory$StringToNumber
instanceKlass sun/net/ResourceManager
instanceKlass java/lang/StrictMath
instanceKlass org/unbescape/uri/UriEscapeUtil
instanceKlass org/unbescape/uri/UriEscape
instanceKlass org/thymeleaf/engine/IteratedGatheringModelProcessable$IterationModels
instanceKlass org/thymeleaf/engine/DataDrivenTemplateIterator
instanceKlass org/thymeleaf/engine/IterationStatusVar
instanceKlass org/thymeleaf/engine/AbstractGatheringModelProcessable
instanceKlass org/thymeleaf/engine/IGatheringModelProcessable
instanceKlass org/thymeleaf/standard/expression/Each
instanceKlass org/thymeleaf/standard/expression/EachUtils
instanceKlass java/util/Collections$UnmodifiableList$1
instanceKlass org/springframework/beans/PropertyAccessorFactory
instanceKlass org/springframework/validation/DefaultMessageCodesResolver
instanceKlass org/springframework/validation/AbstractErrors
instanceKlass org/hibernate/event/internal/AbstractFlushingEventListener$$Lambda$924
instanceKlass org/hibernate/engine/spi/BatchFetchQueue
instanceKlass org/hibernate/engine/spi/ActionQueue$$Lambda$923
instanceKlass org/hibernate/engine/internal/NaturalIdXrefDelegate
instanceKlass org/hibernate/event/internal/AbstractFlushingEventListener$$Lambda$922
instanceKlass org/hibernate/event/internal/AbstractFlushingEventListener$$Lambda$921
instanceKlass org/hibernate/engine/internal/Collections
instanceKlass org/hibernate/event/internal/DefaultFlushEntityEventListener$1DirtyCheckContextImpl
instanceKlass org/hibernate/CustomEntityDirtinessStrategy$DirtyCheckContext
instanceKlass org/hibernate/event/internal/AbstractVisitor
instanceKlass org/hibernate/action/internal/DelayedPostInsertIdentifier
instanceKlass org/hibernate/internal/util/collections/IdentityMap$IdentityMapEntry
instanceKlass org/hibernate/event/internal/AbstractFlushingEventListener$$Lambda$920
instanceKlass org/hibernate/engine/internal/Cascade
instanceKlass org/hibernate/internal/SessionImpl$$Lambda$919
instanceKlass org/springframework/data/domain/PageImpl$$Lambda$918
instanceKlass java/lang/invoke/LambdaForm$MH
instanceKlass java/lang/invoke/LambdaForm$DMH
instanceKlass java/lang/invoke/LambdaForm$DMH
instanceKlass org/springframework/data/domain/PageImpl$$Lambda$917
instanceKlass java/lang/invoke/LambdaForm$DMH
instanceKlass org/springframework/data/domain/PageImpl$$Lambda$916
instanceKlass org/springframework/data/domain/Chunk
instanceKlass org/springframework/data/repository/support/PageableExecutionUtils
instanceKlass org/springframework/data/jpa/repository/support/SimpleJpaRepository$$Lambda$915
instanceKlass java/util/function/LongSupplier
instanceKlass java/lang/invoke/LambdaForm$DMH
instanceKlass org/hibernate/internal/SessionImpl$$Lambda$914
instanceKlass org/springframework/data/util/Optionals$$Lambda$913
instanceKlass org/springframework/data/util/Optionals$$Lambda$912
instanceKlass org/springframework/data/jpa/repository/support/DefaultQueryHints$$Lambda$911
instanceKlass org/springframework/data/jpa/repository/support/DefaultQueryHints
instanceKlass org/hibernate/query/criteria/internal/OrderImpl
instanceKlass javax/persistence/criteria/Order
instanceKlass org/springframework/data/repository/core/support/ImplementationInvocationMetadata
instanceKlass org/springframework/data/repository/core/support/RepositoryComposition$RepositoryFragments$$Lambda$910
instanceKlass org/springframework/data/jpa/repository/support/QueryHints
instanceKlass org/springframework/data/repository/core/support/RepositoryComposition$RepositoryFragments$$Lambda$909
instanceKlass org/springframework/data/repository/core/support/RepositoryComposition$RepositoryFragments$$Lambda$908
instanceKlass org/springframework/data/repository/core/support/RepositoryComposition$RepositoryFragments$$Lambda$907
instanceKlass org/springframework/beans/factory/annotation/BeanFactoryAnnotationUtils$$Lambda$906
instanceKlass org/springframework/data/jpa/repository/support/CrudMethodMetadataPostProcessor$DefaultCrudMethodMetadata$$Lambda$905
instanceKlass javax/persistence/QueryHint
instanceKlass org/springframework/data/jpa/repository/support/CrudMethodMetadataPostProcessor$DefaultCrudMethodMetadata$$Lambda$904
instanceKlass org/springframework/data/jpa/repository/support/CrudMethodMetadataPostProcessor$DefaultCrudMethodMetadata
instanceKlass org/springframework/cglib/core/EmitUtils$16
instanceKlass org/springframework/cglib/core/EmitUtils$15
instanceKlass org/springframework/orm/jpa/vendor/HibernateJpaDialect$HibernateConnectionHandle
instanceKlass org/springframework/jdbc/datasource/ConnectionHandle
instanceKlass org/springframework/orm/jpa/vendor/HibernateJpaDialect$SessionTransactionData
instanceKlass org/springframework/transaction/support/ResourceTransactionDefinition
instanceKlass org/springframework/transaction/support/DelegatingTransactionDefinition
instanceKlass org/springframework/transaction/support/CallbackPreferringPlatformTransactionManager
instanceKlass org/springframework/data/web/PageableHandlerMethodArgumentResolverSupport$$Lambda$903
instanceKlass org/springframework/data/web/PageableHandlerMethodArgumentResolverSupport$$Lambda$902
instanceKlass org/springframework/data/web/PageableHandlerMethodArgumentResolverSupport$$Lambda$901
instanceKlass org/springframework/data/web/PageableHandlerMethodArgumentResolverSupport$$Lambda$900
instanceKlass org/springframework/data/web/PageableHandlerMethodArgumentResolverSupport$$Lambda$899
instanceKlass org/springframework/data/web/PageableHandlerMethodArgumentResolverSupport$$Lambda$898
instanceKlass org/springframework/data/web/PageableHandlerMethodArgumentResolverSupport$$Lambda$897
instanceKlass org/springframework/data/web/PageableHandlerMethodArgumentResolverSupport$$Lambda$896
instanceKlass org/springframework/data/domain/Sort$$Lambda$895
instanceKlass org/springframework/data/web/SpringDataAnnotationUtils
instanceKlass org/hibernate/internal/util/collections/IdentityMap$$Lambda$894
instanceKlass org/hibernate/engine/internal/StatefulPersistenceContext$$Lambda$891
instanceKlass org/hibernate/engine/internal/EntityEntryContext$EntityEntryCrossRefImpl
instanceKlass org/hibernate/engine/internal/EntityEntryContext$EntityEntryCrossRef
instanceKlass org/apache/tomcat/util/buf/UriUtil
instanceKlass org/springframework/expression/spel/support/ReflectivePropertyAccessor$OptimalPropertyAccessor
instanceKlass org/springframework/expression/spel/support/ReflectivePropertyAccessor$InvokerPair
instanceKlass org/springframework/expression/spel/support/ReflectivePropertyAccessor$$Lambda$889
instanceKlass org/springframework/expression/spel/support/ReflectivePropertyAccessor$$Lambda$887
instanceKlass org/springframework/expression/spel/support/ReflectivePropertyAccessor$PropertyCacheKey
instanceKlass org/springframework/expression/spel/ast/PropertyOrFieldReference$AccessorLValue
instanceKlass org/thymeleaf/standard/util/StandardConditionalCommentUtils
instanceKlass org/thymeleaf/model/IComment
instanceKlass java/util/concurrent/locks/ReentrantReadWriteLock$Sync$HoldCounter
instanceKlass javax/servlet/http/HttpSessionBindingListener
instanceKlass org/springframework/data/jpa/repository/query/AbstractJpaQuery$TupleConverter
instanceKlass org/hibernate/hql/internal/HolderInstantiator$$Lambda$885
instanceKlass org/hibernate/hql/internal/HolderInstantiator$$Lambda$884
instanceKlass org/hibernate/hql/internal/HolderInstantiator$$Lambda$882
instanceKlass org/hibernate/hql/internal/HolderInstantiator
instanceKlass org/hibernate/engine/internal/StatefulPersistenceContext$$Lambda$880
instanceKlass org/hibernate/internal/FastSessionServices$$Lambda$878
instanceKlass org/hibernate/engine/spi/SelfDirtinessTracker
instanceKlass org/hibernate/type/TypeHelper
instanceKlass org/hibernate/internal/util/collections/IdentityMap$IdentityKey
instanceKlass org/hibernate/internal/util/collections/IdentityMap
instanceKlass org/hibernate/engine/spi/CollectionEntry
instanceKlass org/hibernate/collection/internal/AbstractPersistentCollection
instanceKlass org/hibernate/collection/spi/PersistentCollection
instanceKlass org/hibernate/engine/loading/internal/LoadContexts
instanceKlass org/hibernate/engine/spi/CollectionKey
instanceKlass org/hibernate/property/access/internal/PropertyAccessStrategyBackRefImpl$1
instanceKlass org/hibernate/property/access/internal/PropertyAccessStrategyBackRefImpl
instanceKlass org/hibernate/bytecode/enhance/spi/LazyPropertyInitializer$1
instanceKlass org/hibernate/engine/internal/TwoPhaseLoad$EntityResolver$$Lambda$877
instanceKlass java/lang/invoke/LambdaForm$DMH
instanceKlass org/hibernate/engine/internal/TwoPhaseLoad$EntityResolver
instanceKlass org/hibernate/event/spi/AbstractEvent
instanceKlass org/hibernate/secure/spi/PermissionCheckEntityInformation
instanceKlass org/hibernate/engine/internal/Versioning
instanceKlass com/mysql/cj/protocol/InternalDate
instanceKlass org/hibernate/engine/internal/EntityEntryContext$ManagedEntityImpl
instanceKlass org/hibernate/engine/spi/ManagedEntity
instanceKlass org/hibernate/engine/internal/AbstractEntityEntry$EnumState
instanceKlass org/hibernate/engine/internal/AbstractEntityEntry
instanceKlass org/hibernate/engine/spi/EntityEntry
instanceKlass org/hibernate/engine/internal/TwoPhaseLoad
instanceKlass org/hibernate/type/descriptor/sql/BasicExtractor
instanceKlass org/hibernate/type/descriptor/ValueExtractor
instanceKlass org/hibernate/engine/spi/EntityKey
instanceKlass org/hibernate/loader/Loader$SqlStatementWrapper
instanceKlass org/hibernate/engine/jdbc/internal/ResultSetReturnImpl
instanceKlass org/hibernate/engine/jdbc/spi/ResultSetReturn
instanceKlass org/hibernate/type/descriptor/sql/BasicBinder
instanceKlass org/hibernate/type/descriptor/ValueBinder
instanceKlass org/hibernate/engine/jdbc/spi/JdbcWrapper
instanceKlass com/zaxxer/hikari/pool/ProxyStatement
instanceKlass com/mysql/cj/ClientPreparedQueryBindValue
instanceKlass com/mysql/cj/BindValue
instanceKlass com/mysql/cj/AbstractQueryBindings
instanceKlass com/mysql/cj/QueryBindings
instanceKlass com/mysql/cj/ParseInfo
instanceKlass com/mysql/cj/PreparedQuery
instanceKlass com/mysql/cj/jdbc/JdbcPreparedStatement
instanceKlass com/mysql/cj/jdbc/EscapeProcessor
instanceKlass org/hibernate/engine/jdbc/internal/StatementPreparerImpl$StatementPreparationTemplate
instanceKlass org/hibernate/engine/jdbc/internal/StatementPreparerImpl
instanceKlass org/hibernate/engine/jdbc/spi/StatementPreparer
instanceKlass org/hibernate/dialect/pagination/LimitHelper
instanceKlass org/hibernate/engine/spi/TypedValue$1
instanceKlass org/hibernate/engine/spi/TypedValue
instanceKlass org/hibernate/engine/spi/QueryParameters
instanceKlass org/springframework/data/jpa/repository/query/JpaQueryMethod$$Lambda$875
instanceKlass org/springframework/data/jpa/repository/Lock
instanceKlass org/springframework/data/jpa/repository/EntityGraph
instanceKlass org/hibernate/query/spi/QueryParameterBindingValidator
instanceKlass org/hibernate/query/internal/QueryParameterBindingImpl
instanceKlass org/hibernate/query/spi/QueryParameterBinding
instanceKlass org/hibernate/jpa/TypedParameterValue
instanceKlass org/springframework/data/jpa/repository/query/QueryParameterSetter$NamedOrIndexedQueryParameterSetter$$Lambda$874
instanceKlass org/springframework/data/jpa/repository/query/ParameterMetadataProvider$1
instanceKlass org/springframework/data/jpa/repository/query/QueryParameterSetter$QueryMetadata
instanceKlass org/hibernate/query/criteria/internal/compile/CriteriaQueryTypeQueryAdapter
instanceKlass javax/persistence/Tuple
instanceKlass org/hibernate/query/criteria/internal/CriteriaQueryImpl$1$1$1
instanceKlass org/hibernate/jpa/spi/HibernateEntityManagerImplementor$QueryOptions$ResultMetadataValidator
instanceKlass org/hibernate/engine/query/spi/AbstractParameterDescriptor
instanceKlass org/hibernate/query/QueryParameter
instanceKlass org/hibernate/hql/internal/ast/NamedParameterInformationImpl
instanceKlass org/hibernate/hql/spi/NamedParameterInformation
instanceKlass org/hibernate/hql/spi/ParameterInformation
instanceKlass org/hibernate/param/AbstractExplicitParameterSpecification
instanceKlass org/hibernate/param/ExplicitParameterSpecification
instanceKlass org/hibernate/param/ParameterSpecification
instanceKlass org/hibernate/param/ParameterBinder
instanceKlass org/hibernate/hql/internal/CollectionProperties
instanceKlass org/hibernate/persister/entity/Queryable$Declarer
instanceKlass org/hibernate/hql/internal/ast/tree/BinaryOperatorNode
instanceKlass org/hibernate/hql/internal/ast/tree/OperatorNode
instanceKlass org/hibernate/query/criteria/internal/CriteriaQueryImpl$1$1
instanceKlass org/hibernate/jpa/spi/HibernateEntityManagerImplementor$QueryOptions
instanceKlass org/hibernate/query/criteria/internal/compile/CriteriaCompiler$2
instanceKlass org/hibernate/query/criteria/internal/compile/InterpretedParameterMetadata
instanceKlass org/hibernate/query/criteria/internal/CriteriaQueryImpl$1
instanceKlass org/hibernate/query/criteria/internal/compile/CriteriaInterpretation
instanceKlass org/hibernate/query/criteria/internal/compile/ExplicitParameterInfo
instanceKlass org/hibernate/internal/util/collections/StandardStack
instanceKlass org/hibernate/internal/util/collections/Stack
instanceKlass org/hibernate/query/criteria/internal/compile/CriteriaCompiler$1
instanceKlass org/hibernate/query/criteria/internal/compile/RenderingContext
instanceKlass org/hibernate/query/criteria/internal/compile/CriteriaCompiler
instanceKlass org/springframework/data/repository/core/support/QueryExecutorMethodInterceptor$QueryMethodInvoker
instanceKlass org/springframework/transaction/interceptor/TransactionInterceptor$$Lambda$872
instanceKlass org/springframework/aop/framework/InterceptorAndDynamicMethodMatcher
instanceKlass org/springframework/aop/framework/ReflectiveMethodInvocation
instanceKlass org/springframework/aop/ProxyMethodInvocation
instanceKlass com/example/demo/utils/MD5Utils
instanceKlass org/springframework/web/bind/annotation/RequestAttribute
instanceKlass org/springframework/web/bind/annotation/SessionAttribute
instanceKlass org/springframework/web/bind/annotation/CookieValue
instanceKlass org/springframework/web/bind/annotation/RequestHeader
instanceKlass org/springframework/web/bind/annotation/RequestBody
instanceKlass org/springframework/web/bind/annotation/MatrixVariable
instanceKlass org/springframework/web/bind/annotation/PathVariable
instanceKlass org/springframework/web/bind/annotation/RequestPart
instanceKlass org/springframework/data/repository/support/DomainClassConverter$$Lambda$871
instanceKlass org/springframework/data/repository/support/DomainClassConverter$ToIdConverter
instanceKlass org/springframework/data/repository/support/DefaultRepositoryInvokerFactory
instanceKlass org/springframework/data/repository/support/RepositoryInvokerFactory
instanceKlass org/springframework/data/repository/support/DomainClassConverter$ToEntityConverter
instanceKlass org/springframework/data/repository/core/support/RepositoryFactoryBeanSupport$$Lambda$870
instanceKlass org/springframework/validation/DefaultBindingErrorProcessor
instanceKlass org/springframework/validation/BindingErrorProcessor
instanceKlass org/springframework/validation/DataBinder
instanceKlass javax/servlet/http/Part
instanceKlass org/springframework/web/multipart/MultipartFile
instanceKlass javax/servlet/ServletRequestWrapper
instanceKlass org/springframework/web/multipart/support/MultipartResolutionDelegate
instanceKlass org/springframework/web/method/annotation/AbstractNamedValueMethodArgumentResolver$NamedValueInfo
instanceKlass org/springframework/web/bind/annotation/RequestParam
instanceKlass org/apache/tomcat/util/net/NioBlockingSelector$BlockPoller$RunnableAdd
instanceKlass org/springframework/util/StreamUtils
instanceKlass org/apache/coyote/Constants
instanceKlass org/springframework/http/server/ServletServerHttpResponse$$Lambda$869
instanceKlass org/springframework/http/StreamingHttpOutputMessage
instanceKlass org/springframework/web/servlet/resource/HttpResource
instanceKlass java/time/zone/ZoneOffsetTransitionRule
instanceKlass java/time/zone/ZoneRules
instanceKlass org/springframework/http/server/ServletServerHttpResponse
instanceKlass org/springframework/http/server/ServerHttpResponse
instanceKlass org/springframework/web/servlet/mvc/LastModified
instanceKlass org/springframework/web/servlet/function/HandlerFunction
instanceKlass org/springframework/util/AntPathMatcher$AntPatternComparator$PatternInfo
instanceKlass org/springframework/util/AntPathMatcher$AntPatternComparator
instanceKlass org/springframework/web/servlet/mvc/method/RequestMappingInfoHandlerMapping$PartialMatchHelper
instanceKlass org/apache/tomcat/util/buf/HexUtils
instanceKlass org/thymeleaf/standard/processor/StandardTextTagProcessor$1
instanceKlass org/thymeleaf/util/EvaluationUtils
instanceKlass org/springframework/expression/spel/ast/MethodReference$CachedMethodExecutor
instanceKlass org/springframework/expression/spel/support/ReflectiveMethodExecutor
instanceKlass org/springframework/expression/MethodExecutor
instanceKlass org/springframework/expression/spel/support/ReflectionHelper$ArgumentsMatchInfo
instanceKlass org/springframework/expression/spel/support/ReflectionHelper
instanceKlass org/springframework/expression/spel/support/ReflectiveMethodResolver$$Lambda$868
instanceKlass org/springframework/expression/spel/support/ReflectiveMethodResolver
instanceKlass org/springframework/expression/MethodResolver
instanceKlass org/springframework/expression/spel/ast/MethodReference$MethodValueRef
instanceKlass org/springframework/expression/spel/ast/ValueRef
instanceKlass org/thymeleaf/expression/Strings
instanceKlass org/thymeleaf/expression/ExpressionObjects
instanceKlass org/thymeleaf/expression/IExpressionObjects
instanceKlass org/thymeleaf/standard/util/StandardProcessorUtils
instanceKlass org/thymeleaf/spring5/context/SpringContextUtils
instanceKlass org/thymeleaf/spring5/requestdata/RequestDataValueProcessorUtils
instanceKlass org/unbescape/html/Html5EscapeSymbolsInitializer
instanceKlass org/unbescape/html/HtmlEscapeSymbols$1
instanceKlass org/unbescape/html/HtmlEscapeSymbols$Reference
instanceKlass org/unbescape/html/HtmlEscapeSymbols$References
instanceKlass org/unbescape/html/Html4EscapeSymbolsInitializer
instanceKlass org/unbescape/html/HtmlEscapeSymbols
instanceKlass org/unbescape/html/HtmlEscapeUtil
instanceKlass org/thymeleaf/inline/NoOpInliner
instanceKlass org/springframework/expression/spel/CodeFlow
instanceKlass org/springframework/expression/spel/ExpressionState
instanceKlass org/thymeleaf/spring5/expression/SPELContextMapWrapper
instanceKlass org/thymeleaf/context/ILazyContextVariable
instanceKlass org/thymeleaf/spring5/expression/SPELVariableExpressionEvaluator$ComputedSpelExpression
instanceKlass org/thymeleaf/standard/util/StandardExpressionUtils
instanceKlass org/springframework/expression/spel/standard/SpelExpression
instanceKlass org/springframework/expression/spel/ast/SpelNodeImpl
instanceKlass org/springframework/expression/spel/SpelNode
instanceKlass org/springframework/expression/spel/standard/Token
instanceKlass org/springframework/expression/spel/standard/Tokenizer
instanceKlass org/thymeleaf/spring5/expression/SpringStandardExpressions
instanceKlass org/thymeleaf/engine/Model
instanceKlass org/thymeleaf/standard/expression/FragmentSignature
instanceKlass org/thymeleaf/standard/expression/FragmentSignatureUtils
instanceKlass org/thymeleaf/standard/expression/NoOpToken
instanceKlass org/thymeleaf/model/IStandaloneElementTag
instanceKlass org/thymeleaf/standard/expression/Fragment
instanceKlass org/thymeleaf/engine/TemplateModel
instanceKlass org/thymeleaf/model/IModel
instanceKlass org/thymeleaf/model/ITemplateEnd
instanceKlass org/thymeleaf/model/ICloseElementTag
instanceKlass org/attoparser/select/MarkupSelectorItem$1
instanceKlass org/attoparser/select/ParseSelection$ParseSelectionLevel
instanceKlass org/attoparser/select/MarkupSelectorFilter$MarkupBlockMatchingCounter
instanceKlass org/attoparser/select/MarkupSelectorOrItem
instanceKlass org/attoparser/select/MarkupSelectorItem$AttributeConditionRelation
instanceKlass org/attoparser/select/MarkupSelectorItem$AttributeCondition
instanceKlass org/attoparser/select/MarkupSelectorItem$IAttributeCondition
instanceKlass org/attoparser/select/MarkupSelectorItem$IndexCondition
instanceKlass org/attoparser/select/MarkupSelectorItem
instanceKlass org/attoparser/select/IMarkupSelectorItem
instanceKlass org/attoparser/select/MarkupSelectorItems$SelectorRepository
instanceKlass org/attoparser/select/MarkupSelectorItems
instanceKlass org/attoparser/select/SelectorElementBuffer
instanceKlass org/attoparser/select/MarkupSelectorFilter
instanceKlass org/thymeleaf/templateparser/markup/TemplateFragmentMarkupReferenceResolver
instanceKlass org/attoparser/select/IMarkupSelectorReferenceResolver
instanceKlass org/thymeleaf/standard/expression/FragmentExpression$ExecutedFragmentExpression
instanceKlass org/thymeleaf/standard/expression/IStandardVariableExpression
instanceKlass org/thymeleaf/cache/StandardCache$CacheEntry
instanceKlass org/thymeleaf/standard/expression/AssignationSequence
instanceKlass org/thymeleaf/standard/expression/Assignation
instanceKlass org/thymeleaf/standard/expression/ExpressionSequence
instanceKlass org/thymeleaf/standard/expression/ExpressionSequenceUtils
instanceKlass org/thymeleaf/standard/expression/AssignationUtils
instanceKlass org/thymeleaf/standard/expression/LiteralValue
instanceKlass org/thymeleaf/standard/expression/ExpressionParsingNode
instanceKlass org/thymeleaf/util/ArrayUtils
instanceKlass org/thymeleaf/standard/expression/LiteralSubstitutionUtil
instanceKlass org/thymeleaf/standard/expression/ExpressionParsingUtil
instanceKlass org/thymeleaf/standard/expression/Expression
instanceKlass org/thymeleaf/standard/expression/IStandardExpression
instanceKlass org/thymeleaf/cache/ExpressionCacheKey
instanceKlass org/thymeleaf/standard/expression/ExpressionCache
instanceKlass org/thymeleaf/standard/expression/StandardExpressionPreprocessor
instanceKlass org/thymeleaf/standard/expression/StandardExpressions
instanceKlass org/thymeleaf/engine/Attribute$1
instanceKlass org/unbescape/html/HtmlEscape
instanceKlass org/thymeleaf/util/EscapedAttributeUtils$1
instanceKlass org/thymeleaf/util/EscapedAttributeUtils
instanceKlass org/thymeleaf/engine/ElementProcessorIterator
instanceKlass org/thymeleaf/engine/ProcessorExecutionVars
instanceKlass org/thymeleaf/model/IOpenElementTag
instanceKlass org/thymeleaf/engine/Attributes
instanceKlass org/thymeleaf/engine/ElementDefinitions$1
instanceKlass org/thymeleaf/engine/Attribute
instanceKlass org/thymeleaf/model/IAttribute
instanceKlass org/attoparser/ParsingAttributeSequenceUtil
instanceKlass org/thymeleaf/engine/EngineEventUtils
instanceKlass org/thymeleaf/model/IText
instanceKlass org/thymeleaf/model/IDocType
instanceKlass org/attoparser/HtmlElements$HtmlElementRepository$ElementComparator
instanceKlass org/attoparser/HtmlElement
instanceKlass org/attoparser/HtmlElements$HtmlElementRepository
instanceKlass org/attoparser/HtmlElements
instanceKlass org/attoparser/HtmlNames
instanceKlass org/attoparser/MarkupEventProcessorHandler$StandardNamesRepository
instanceKlass org/attoparser/util/TextUtil
instanceKlass org/attoparser/ParsingLocatorUtil
instanceKlass org/attoparser/ParsingDocTypeMarkupUtil
instanceKlass org/attoparser/ParsingCDATASectionMarkupUtil
instanceKlass org/attoparser/ParsingCommentMarkupUtil
instanceKlass org/attoparser/ParsingElementMarkupUtil
instanceKlass org/attoparser/ParsingMarkupUtil
instanceKlass org/thymeleaf/standard/inline/AbstractStandardInliner
instanceKlass org/thymeleaf/standard/processor/StandardInlineEnablementTemplateBoundariesProcessor$1
instanceKlass org/thymeleaf/engine/AbstractTemplateEvent
instanceKlass org/thymeleaf/engine/IEngineTemplateEvent
instanceKlass org/thymeleaf/model/ITemplateStart
instanceKlass org/attoparser/select/ParseSelection
instanceKlass org/attoparser/ParseStatus
instanceKlass org/attoparser/MarkupEventProcessorHandler$StructureNamesRepository
instanceKlass org/thymeleaf/templateparser/markup/InlinedOutputExpressionMarkupHandler$InlineMarkupAdapterPreProcessorHandler
instanceKlass org/thymeleaf/standard/inline/OutputExpressionInlinePreProcessorHandler
instanceKlass org/thymeleaf/standard/inline/IInlinePreProcessorHandler
instanceKlass org/attoparser/AbstractMarkupHandler
instanceKlass org/attoparser/IMarkupHandler
instanceKlass org/attoparser/IProcessingInstructionHandler
instanceKlass org/attoparser/IElementHandler
instanceKlass org/attoparser/IAttributeSequenceHandler
instanceKlass org/attoparser/ITextHandler
instanceKlass org/attoparser/ICommentHandler
instanceKlass org/attoparser/ICDATASectionHandler
instanceKlass org/attoparser/IDocTypeHandler
instanceKlass org/attoparser/IXMLDeclarationHandler
instanceKlass org/attoparser/IDocumentHandler
instanceKlass org/thymeleaf/engine/TemplateManager$1
instanceKlass org/thymeleaf/engine/AbstractTemplateHandler
instanceKlass org/thymeleaf/engine/DecreaseContextLevelProcessable
instanceKlass org/thymeleaf/engine/IEngineProcessable
instanceKlass org/thymeleaf/engine/TemplateModelController
instanceKlass org/thymeleaf/engine/XMLDeclarationStructureHandler
